[broank.bss.design/index.html]
[raw.githubusercontent.com/Polyphian/repo/master/assets/img/TouchIcon.png]
[backblue.gif]
[fade.gif]
[index.html]
[broank.bss.design/assets/img/OGimageAll.png]
[broank.bss.design/assets/img/favicon18040fb.png]
[broank.bss.design/assets/img/favicon167088.png]
[broank.bss.design/assets/img/favicon32889e.png]
[broank.bss.design/assets/img/TouchIconfe39.png]
[cdn.jsdelivr.net/npm/bootswatch@5.1.3/dist/solar/bootstrap.min.css]
[broank.bss.design/manifest04f0.json]
[use.fontawesome.com/releases/v5.12.0/css/all.css]
[cdnjs.cloudflare.com/ajax/libs/font-awesome/4.7.0/css/font-awesome.min.css]
[cdnjs.cloudflare.com/ajax/libs/typicons/2.0.9/typicons.min.css]
[broank.bss.design/assets/fonts/fontawesome5-overrides.min76b8.css]
[cdnjs.cloudflare.com/ajax/libs/animate.css/3.5.2/animate.min.css]
[cdnjs.cloudflare.com/ajax/libs/aos/2.3.4/aos.css]
[broank.bss.design/assets/css/styles.min6096.css]
[broank.bss.design/index-2.html]
[broank.bss.design/Icons.html]
[broank.bss.design/Laetus.html]
[broank.bss.design/Shortcuts.html]
[broank.bss.design/assets/img/Icons3fad.png]
[broank.bss.design/assets/img/Shortcutsbe6a.png]
[broank.bss.design/assets/img/Laetus984c.png]
[cdn.jsdelivr.net/npm/bootstrap@5.1.3/dist/js/bootstrap.bundle.min.js]
[cdnjs.cloudflare.com/ajax/libs/aos/2.3.4/aos.js]
[broank.bss.design/index.html]
[cdn.jsdelivr.net/npm/bootswatch@5.1.3/dist/solar/bootstrap.min.css]
[use.fontawesome.com/releases/v5.12.0/css/all.css]
[cdnjs.cloudflare.com/ajax/libs/font-awesome/4.7.0/css/font-awesome.min.css]
[broank.bss.design/assets/js/script.mincd4e.js]
[cdnjs.cloudflare.com/ajax/libs/typicons/2.0.9/typicons.eot]
[cdnjs.cloudflare.com/ajax/libs/typicons/2.0.9/typiconsd41d.eot]
[cdnjs.cloudflare.com/ajax/libs/typicons/2.0.9/typicons.woff]
[cdnjs.cloudflare.com/ajax/libs/typicons/2.0.9/typicons.ttf]
[cdnjs.cloudflare.com/ajax/libs/typicons/2.0.9/typicons.min.css]
[broank.bss.design/assets/fonts/fontawesome5-overrides.min76b8.css]
[cdnjs.cloudflare.com/ajax/libs/animate.css/3.5.2/animate.min.css]
[cdnjs.cloudflare.com/ajax/libs/aos/2.3.4/aos.css]
[broank.bss.design/assets/css/styles.min6096.css]
[broank.bss.design/index-2.html]
[cdnjs.cloudflare.com/ajax/libs/typicons/2.0.9/typicons.svg]
[broank.bss.design/assets/img/iconsDepths0381.png]
[broank.bss.design/assets/img/iconsSursei473d.png]
[broank.bss.design/Icons.html]
[raw.githubusercontent.com/Polyphian/repo/master/assets/img/Depths.png]
[raw.githubusercontent.com/Polyphian/repo/master/assets/img/Depths D.png]
[raw.githubusercontent.com/Polyphian/repo/master/assets/img/Depths N.png]
[raw.githubusercontent.com/Polyphian/repo/master/assets/img/DepthsB.png]
[raw.githubusercontent.com/Polyphian/repo/master/assets/img/DepthsP.png]
[raw.githubusercontent.com/Polyphian/repo/master/assets/img/DepthsPD.png]
[raw.githubusercontent.com/Polyphian/repo/master/assets/img/DustryIcon.png]
[raw.githubusercontent.com/Polyphian/repo/master/assets/img/DustryGlowIcon.png]
[raw.githubusercontent.com/Polyphian/repo/master/assets/img/DustryGreenIcon.png]
[raw.githubusercontent.com/Polyphian/repo/master/assets/img/LustryIcon.png]
[broank.bss.design/Laetus.html]
[broank.bss.design/assets/img/shortcutsGlancee59e.png]
[broank.bss.design/assets/img/shortcutsWetref34.png]
[broank.bss.design/assets/img/shortcutsWetr2240b.png]
[broank.bss.design/assets/img/shortcutsWetr3c6d9.png]
[broank.bss.design/assets/img/shortcutsWetr4b813.png]
[broank.bss.design/Wetr.html]
[broank.bss.design/assets/img/shortcutsHSC3ba0.png]
[broank.bss.design/HSC.html]
[broank.bss.design/assets/img/shortcutsClassicaLS8216.png]
[broank.bss.design/assets/img/shortcutsVertiblur9f97.png]
[broank.bss.design/Shortcuts.html]
[cdnjs.cloudflare.com/ajax/libs/typicons/2.0.9/typicons.svg]
[broank.bss.design/assets/img/WetrIcon9d09.png]
[broank.bss.design/assets/img/133bc.jpg]
[broank.bss.design/assets/img/292db.jpg]
[broank.bss.design/assets/img/382f4.jpg]
[broank.bss.design/assets/img/4df13.jpg]
[broank.bss.design/assets/img/5df13.jpg]
[broank.bss.design/assets/img/6df13.jpg]
[broank.bss.design/assets/img/7dcad.jpg]
[broank.bss.design/assets/img/WetrThemesd871.png]
[raw.githubusercontent.com/Polyphian/repo/master/shortcuts/Wetr/Mods/assets/WetrModPreviewStarry1.png]
[raw.githubusercontent.com/Polyphian/repo/master/shortcuts/Wetr/Mods/assets/WetrModPreviewStarry2.png]
[broank.bss.design/assets/img/WetrEdit68d0.png]
[broank.bss.design/assets/img/WetrAlbum0ec6b.png]
[broank.bss.design/assets/img/WetrAlbum3b6b.png]
[broank.bss.design/assets/img/WetrPrefexample20b5.png]
[broank.bss.design/assets/img/WetrTemp582b.png]
[broank.bss.design/assets/img/WetrUnsplash3b1d.png]
[broank.bss.design/assets/img/WetrIcon26675.png]
[broank.bss.design/WetrAutomation.html]
[broank.bss.design/WetrUpdate.html]
[broank.bss.design/indicator_loction.png]
[broank.bss.design/footerImg.svg]
[broank.bss.design/Wetr.html]
[broank.bss.design/assets/img/alertHSC1eab8.png]
[broank.bss.design/assets/img/alertHSC2e67a.png]
[broank.bss.design/assets/img/HSClayoutbuild4aaf.png]
[broank.bss.design/assets/img/HSCmasknonotchcd93.png]
[broank.bss.design/assets/img/HSCmaskcarde32d.png]
[broank.bss.design/assets/img/HSCmaskcarddockf748.png]
[broank.bss.design/HSC.html]
[broank.bss.design/assets/img/WetrAuto1169e.png]
[broank.bss.design/assets/img/WetrAuto292c9.png]
[broank.bss.design/assets/img/WetrAuto3c864.png]
[broank.bss.design/assets/img/WetrAuto49591.png]
[broank.bss.design/assets/img/WetrAuto559a6.png]
[broank.bss.design/assets/img/WetrAuto659a6.png]
[broank.bss.design/assets/img/WetrAuto7f1f2.png]
[broank.bss.design/assets/img/WetrAuto89cbc.png]
[broank.bss.design/assets/img/WetrAuto9bd8a.png]
[broank.bss.design/assets/img/WetrAuto10bd8a.png]
[broank.bss.design/assets/img/WetrAutoMulti8f52.png]
[broank.bss.design/WetrAutomation.html]
[broank.bss.design/WetrUpdate.html]
[broank.bss.design/indicator_loction.html]
[broank.bss.design/footerImg.html]
